<?xml version="1.0" encoding="UTF-8"?>
<testsuite name="com.springboot_sample.springboot_sample.SpringbootSampleApplicationTests" tests="1" skipped="0" failures="0" errors="0" timestamp="2021-10-13T19:23:28" hostname="HOME-PC" time="0.358">
  <properties/>
  <testcase name="contextLoads()" classname="com.springboot_sample.springboot_sample.SpringbootSampleApplicationTests" time="0.358"/>
  <system-out><![CDATA[22:23:26.620 [Test worker] DEBUG org.springframework.test.context.BootstrapUtils - Instantiating CacheAwareContextLoaderDelegate from class [org.springframework.test.context.cache.DefaultCacheAwareContextLoaderDelegate]
22:23:26.640 [Test worker] DEBUG org.springframework.test.context.BootstrapUtils - Instantiating BootstrapContext using constructor [public org.springframework.test.context.support.DefaultBootstrapContext(java.lang.Class,org.springframework.test.context.CacheAwareContextLoaderDelegate)]
22:23:26.690 [Test worker] DEBUG org.springframework.test.context.BootstrapUtils - Instantiating TestContextBootstrapper for test class [com.springboot_sample.springboot_sample.SpringbootSampleApplicationTests] from class [org.springframework.boot.test.context.SpringBootTestContextBootstrapper]
22:23:26.710 [Test worker] INFO org.springframework.boot.test.context.SpringBootTestContextBootstrapper - Neither @ContextConfiguration nor @ContextHierarchy found for test class [com.springboot_sample.springboot_sample.SpringbootSampleApplicationTests], using SpringBootContextLoader
22:23:26.712 [Test worker] DEBUG org.springframework.test.context.support.AbstractContextLoader - Did not detect default resource location for test class [com.springboot_sample.springboot_sample.SpringbootSampleApplicationTests]: class path resource [com/springboot_sample/springboot_sample/SpringbootSampleApplicationTests-context.xml] does not exist
22:23:26.712 [Test worker] DEBUG org.springframework.test.context.support.AbstractContextLoader - Did not detect default resource location for test class [com.springboot_sample.springboot_sample.SpringbootSampleApplicationTests]: class path resource [com/springboot_sample/springboot_sample/SpringbootSampleApplicationTestsContext.groovy] does not exist
22:23:26.712 [Test worker] INFO org.springframework.test.context.support.AbstractContextLoader - Could not detect default resource locations for test class [com.springboot_sample.springboot_sample.SpringbootSampleApplicationTests]: no resource found for suffixes {-context.xml, Context.groovy}.
22:23:26.712 [Test worker] INFO org.springframework.test.context.support.AnnotationConfigContextLoaderUtils - Could not detect default configuration classes for test class [com.springboot_sample.springboot_sample.SpringbootSampleApplicationTests]: SpringbootSampleApplicationTests does not declare any static, non-private, non-final, nested classes annotated with @Configuration.
22:23:26.801 [Test worker] DEBUG org.springframework.test.context.support.ActiveProfilesUtils - Could not find an 'annotation declaring class' for annotation type [org.springframework.test.context.ActiveProfiles] and class [com.springboot_sample.springboot_sample.SpringbootSampleApplicationTests]
22:23:26.882 [Test worker] DEBUG org.springframework.context.annotation.ClassPathScanningCandidateComponentProvider - Identified candidate component class: file [D:\springboot_sample1\build\classes\java\main\com\springboot_sample\springboot_sample\SpringbootSampleApplication.class]
22:23:26.888 [Test worker] INFO org.springframework.boot.test.context.SpringBootTestContextBootstrapper - Found @SpringBootConfiguration com.springboot_sample.springboot_sample.SpringbootSampleApplication for test class com.springboot_sample.springboot_sample.SpringbootSampleApplicationTests
22:23:26.988 [Test worker] DEBUG org.springframework.boot.test.context.SpringBootTestContextBootstrapper - @TestExecutionListeners is not present for class [com.springboot_sample.springboot_sample.SpringbootSampleApplicationTests]: using defaults.
22:23:26.990 [Test worker] INFO org.springframework.boot.test.context.SpringBootTestContextBootstrapper - Loaded default TestExecutionListener class names from location [META-INF/spring.factories]: [org.springframework.boot.test.autoconfigure.restdocs.RestDocsTestExecutionListener, org.springframework.boot.test.autoconfigure.web.client.MockRestServiceServerResetTestExecutionListener, org.springframework.boot.test.autoconfigure.web.servlet.MockMvcPrintOnlyOnFailureTestExecutionListener, org.springframework.boot.test.autoconfigure.web.servlet.WebDriverTestExecutionListener, org.springframework.boot.test.autoconfigure.webservices.client.MockWebServiceServerTestExecutionListener, org.springframework.boot.test.mock.mockito.MockitoTestExecutionListener, org.springframework.boot.test.mock.mockito.ResetMocksTestExecutionListener, org.springframework.test.context.web.ServletTestExecutionListener, org.springframework.test.context.support.DirtiesContextBeforeModesTestExecutionListener, org.springframework.test.context.event.ApplicationEventsTestExecutionListener, org.springframework.test.context.support.DependencyInjectionTestExecutionListener, org.springframework.test.context.support.DirtiesContextTestExecutionListener, org.springframework.test.context.transaction.TransactionalTestExecutionListener, org.springframework.test.context.jdbc.SqlScriptsTestExecutionListener, org.springframework.test.context.event.EventPublishingTestExecutionListener]
22:23:27.000 [Test worker] DEBUG org.springframework.boot.test.context.SpringBootTestContextBootstrapper - Skipping candidate TestExecutionListener [org.springframework.test.context.transaction.TransactionalTestExecutionListener] due to a missing dependency. Specify custom listener classes or make the default listener classes and their required dependencies available. Offending class: [org/springframework/transaction/interceptor/TransactionAttributeSource]
22:23:27.000 [Test worker] DEBUG org.springframework.boot.test.context.SpringBootTestContextBootstrapper - Skipping candidate TestExecutionListener [org.springframework.test.context.jdbc.SqlScriptsTestExecutionListener] due to a missing dependency. Specify custom listener classes or make the default listener classes and their required dependencies available. Offending class: [org/springframework/transaction/interceptor/TransactionAttribute]
22:23:27.004 [Test worker] INFO org.springframework.boot.test.context.SpringBootTestContextBootstrapper - Using TestExecutionListeners: [org.springframework.test.context.web.ServletTestExecutionListener@527037de, org.springframework.test.context.support.DirtiesContextBeforeModesTestExecutionListener@533d85e3, org.springframework.test.context.event.ApplicationEventsTestExecutionListener@1d723f98, org.springframework.boot.test.mock.mockito.MockitoTestExecutionListener@3a6a8719, org.springframework.boot.test.autoconfigure.SpringBootDependencyInjectionTestExecutionListener@69f7894d, org.springframework.test.context.support.DirtiesContextTestExecutionListener@565a0b0d, org.springframework.test.context.event.EventPublishingTestExecutionListener@5a5860a1, org.springframework.boot.test.autoconfigure.restdocs.RestDocsTestExecutionListener@346476bc, org.springframework.boot.test.autoconfigure.web.client.MockRestServiceServerResetTestExecutionListener@610c2c9c, org.springframework.boot.test.autoconfigure.web.servlet.MockMvcPrintOnlyOnFailureTestExecutionListener@670851d3, org.springframework.boot.test.autoconfigure.web.servlet.WebDriverTestExecutionListener@7ecc78fb, org.springframework.boot.test.autoconfigure.webservices.client.MockWebServiceServerTestExecutionListener@690a3008, org.springframework.boot.test.mock.mockito.ResetMocksTestExecutionListener@69e29979]
22:23:27.010 [Test worker] DEBUG org.springframework.test.context.support.AbstractDirtiesContextTestExecutionListener - Before test class: context [DefaultTestContext@54939142 testClass = SpringbootSampleApplicationTests, testInstance = [null], testMethod = [null], testException = [null], mergedContextConfiguration = [WebMergedContextConfiguration@6bc1c8fc testClass = SpringbootSampleApplicationTests, locations = '{}', classes = '{class com.springboot_sample.springboot_sample.SpringbootSampleApplication}', contextInitializerClasses = '[]', activeProfiles = '{}', propertySourceLocations = '{}', propertySourceProperties = '{org.springframework.boot.test.context.SpringBootTestContextBootstrapper=true}', contextCustomizers = set[org.springframework.boot.test.autoconfigure.actuate.metrics.MetricsExportContextCustomizerFactory$DisableMetricExportContextCustomizer@42b45174, org.springframework.boot.test.autoconfigure.properties.PropertyMappingContextCustomizer@0, org.springframework.boot.test.autoconfigure.web.servlet.WebDriverContextCustomizerFactory$Customizer@56f8f115, org.springframework.boot.test.context.filter.ExcludeFilterContextCustomizer@39306977, org.springframework.boot.test.json.DuplicateJsonObjectContextCustomizerFactory$DuplicateJsonObjectContextCustomizer@11c11be1, org.springframework.boot.test.mock.mockito.MockitoContextCustomizer@0, org.springframework.boot.test.web.client.TestRestTemplateContextCustomizer@24b8ce6c, org.springframework.boot.test.context.SpringBootTestArgs@1, org.springframework.boot.test.context.SpringBootTestWebEnvironment@fa2d3b9], resourceBasePath = 'src/main/webapp', contextLoader = 'org.springframework.boot.test.context.SpringBootContextLoader', parent = [null]], attributes = map['org.springframework.test.context.web.ServletTestExecutionListener.activateListener' -> true]], class annotated with @DirtiesContext [false] with mode [null].
22:23:27.060 [Test worker] DEBUG org.springframework.test.context.support.TestPropertySourceUtils - Adding inlined properties to environment: {spring.jmx.enabled=false, org.springframework.boot.test.context.SpringBootTestContextBootstrapper=true}

  .   ____          _            __ _ _
 /\\ / ___'_ __ _ _(_)_ __  __ _ \ \ \ \
( ( )\___ | '_ | '_| | '_ \/ _` | \ \ \ \
 \\/  ___)| |_)| | | | | || (_| |  ) ) ) )
  '  |____| .__|_| |_|_| |_\__, | / / / /
 =========|_|==============|___/=/_/_/_/
 :: Spring Boot ::                (v2.5.4)

2021-10-13 22:23:27.489  INFO 7200 --- [    Test worker] c.s.s.SpringbootSampleApplicationTests   : Starting SpringbootSampleApplicationTests using Java 11.0.10 on HOME-PC with PID 7200 (started by Marina in D:\springboot_sample1)
2021-10-13 22:23:27.494  INFO 7200 --- [    Test worker] c.s.s.SpringbootSampleApplicationTests   : No active profile set, falling back to default profiles: default
2021-10-13 22:23:28.980  INFO 7200 --- [    Test worker] c.s.s.SpringbootSampleApplicationTests   : Started SpringbootSampleApplicationTests in 1.911 seconds (JVM running for 3.524)
]]></system-out>
  <system-err><![CDATA[]]></system-err>
</testsuite>
